
> marketplace-dashboard-frontend@1.0.0 dev
> vite


  [32m[1mVITE[22m v5.4.21[39m  [2mready in [0m[1m317[22m[2m[0m ms[22m

  [32m➜[39m  [1mLocal[22m:   [36mhttp://localhost:[1m3000[22m/[39m
[2m  [32m➜[39m  [1mNetwork[22m[2m: use [22m[1m--host[22m[2m to expose[22m
[2m09.12.22[22m [36m[1m[vite][22m[39m [32mhmr update [39m[2m/src/App.jsx, /src/index.css[22m
[2m09.20.23[22m [36m[1m[vite][22m[39m [32mpage reload [39m[2mtailwind.config.js[22m
[2m09.20.30[22m [36m[1m[vite][22m[39m [32mhmr update [39m[2m/src/index.css[22m
[2m09.21.12[22m [36m[1m[vite][22m[39m [32mhmr update [39m[2m/src/context/AuthContext.jsx, /src/index.css[22m
[2m09.21.36[22m [36m[1m[vite][22m[39m [32mhmr update [39m[2m/src/pages/Login.jsx, /src/index.css[22m
[2m09.22.03[22m [36m[1m[vite][22m[39m [32mhmr update [39m[2m/src/components/Sidebar.jsx, /src/index.css[22m
[2m09.22.16[22m [36m[1m[vite][22m[39m [32mhmr update [39m[2m/src/components/Layout.jsx, /src/index.css[22m
[2m09.22.49[22m [36m[1m[vite][22m[39m [32mhmr update [39m[2m/src/pages/Dashboard.jsx, /src/index.css[22m
[2m09.23.15[22m [36m[1m[vite][22m[39m [32mhmr update [39m[2m/src/pages/Orders.jsx, /src/index.css[22m
[2m09.23.53[22m [36m[1m[vite][22m[39m [32mhmr update [39m[2m/src/pages/Products.jsx, /src/index.css[22m
[2m09.24.48[22m [36m[1m[vite][22m[39m [32mhmr update [39m[2m/src/pages/Inventory.jsx, /src/index.css[22m
[2m10.05.07[22m [36m[1m[vite][22m[39m [32m.env.local changed, restarting server...[39m
Re-optimizing dependencies because lockfile has changed
[2m10.05.07[22m [36m[1m[vite][22m[39m server restarted.
[2m15.05.07[22m [36m[1m[vite][22m[39m [32m.env.local changed, restarting server...[39m
[2m15.05.08[22m [36m[1m[vite][22m[39m server restarted.
[2m15.24.34[22m [36m[1m[vite][22m[39m [32m.env.local changed, restarting server...[39m
[2m15.24.34[22m [36m[1m[vite][22m[39m server restarted.
[2m11.11.41[22m [36m[1m[vite][22m[39m [32m.env.local changed, restarting server...[39m
[2m11.11.41[22m [36m[1m[vite][22m[39m server restarted.
[2m11.21.08[22m [36m[1m[vite][22m[39m [32mpage reload [39m[2mtailwind.config.js[22m
[2m11.31.49[22m [36m[1m[vite][22m[39m [32mhmr update [39m[2m/src/pages/Dashboard.jsx, /src/index.css[22m
[2m11.31.49[22m [36m[1m[vite][22m[39m [32mhmr update [39m[2m/src/pages/Inventory.jsx, /src/index.css[22m
[2m11.31.49[22m [36m[1m[vite][22m[39m [32mhmr update [39m[2m/src/pages/Login.jsx, /src/index.css[22m
[2m11.31.49[22m [36m[1m[vite][22m[39m [32mhmr update [39m[2m/src/pages/Orders.jsx, /src/index.css[22m
[2m11.31.49[22m [36m[1m[vite][22m[39m [32mhmr update [39m[2m/src/pages/Privacy.jsx, /src/index.css[22m
[2m11.31.49[22m [36m[1m[vite][22m[39m [32mhmr update [39m[2m/src/pages/Products.jsx, /src/index.css[22m
[2m11.31.49[22m [36m[1m[vite][22m[39m [32mhmr update [39m[2m/src/pages/Terms.jsx, /src/index.css[22m
[2m11.32.07[22m [36m[1m[vite][22m[39m [32mpage reload [39m[2m.next/export/404.html[22m
[2m11.32.07[22m [36m[1m[vite][22m[39m [32mpage reload [39m[2m.next/export/404.html[22m
[2m11.32.07[22m [36m[1m[vite][22m[39m [32mpage reload [39m[2m.next/export/500.html[22m
[2m11.32.07[22m [36m[1m[vite][22m[39m [32mpage reload [39m[2m.next/server/app/_not-found.html[22m
[2m11.32.07[22m [36m[1m[vite][22m[39m [32mpage reload [39m[2m.next/server/app/index.html[22m
[2m11.32.07[22m [36m[1m[vite][22m[39m [32mpage reload [39m[2m.next/server/app/privacy.html[22m
[2m11.32.07[22m [36m[1m[vite][22m[39m [32mpage reload [39m[2m.next/server/app/terms.html[22m
[2m11.32.07[22m [36m[1m[vite][22m[39m [32mpage reload [39m[2m.next/server/app/dashboard.html[22m
[2m11.32.07[22m [36m[1m[vite][22m[39m [32mpage reload [39m[2m.next/server/app/orders.html[22m
[2m11.32.07[22m [36m[1m[vite][22m[39m [32mpage reload [39m[2m.next/server/app/products.html[22m
[2m11.32.07[22m [36m[1m[vite][22m[39m [32mpage reload [39m[2m.next/server/app/inventory.html[22m
[2m11.32.47[22m [36m[1m[vite][22m[39m [32mpage reload [39m[2m.next/export/404.html[22m
[2m11.32.47[22m [36m[1m[vite][22m[39m [32mpage reload [39m[2m.next/export/500.html[22m
[2m11.32.47[22m [36m[1m[vite][22m[39m [32mpage reload [39m[2m.next/server/app/_not-found.html[22m
[2m11.32.47[22m [36m[1m[vite][22m[39m [32mpage reload [39m[2m.next/server/app/index.html[22m
[2m11.32.47[22m [36m[1m[vite][22m[39m [32mpage reload [39m[2m.next/server/app/privacy.html[22m
[2m11.32.47[22m [36m[1m[vite][22m[39m [32mpage reload [39m[2m.next/server/app/terms.html[22m
[2m11.32.47[22m [36m[1m[vite][22m[39m [32mpage reload [39m[2m.next/server/app/dashboard.html[22m
[2m11.32.47[22m [36m[1m[vite][22m[39m [32mpage reload [39m[2m.next/server/app/orders.html[22m
[2m11.32.47[22m [36m[1m[vite][22m[39m [32mpage reload [39m[2m.next/server/app/products.html[22m
[2m11.32.47[22m [36m[1m[vite][22m[39m [32mpage reload [39m[2m.next/server/app/inventory.html[22m
[2m11.32.53[22m [36m[1m[vite][22m[39m [32mpage reload [39m[2m.next/export/404.html[22m
[2m11.32.53[22m [36m[1m[vite][22m[39m [32mpage reload [39m[2m.next/export/500.html[22m
[2m11.32.53[22m [36m[1m[vite][22m[39m [32mpage reload [39m[2m.next/server/app/_not-found.html[22m
[2m11.32.53[22m [36m[1m[vite][22m[39m [32mpage reload [39m[2m.next/server/app/login.html[22m
[2m11.32.53[22m [36m[1m[vite][22m[39m [32mpage reload [39m[2m.next/server/app/terms.html[22m
[2m11.32.53[22m [36m[1m[vite][22m[39m [32mpage reload [39m[2m.next/server/app/index.html[22m
[2m11.32.53[22m [36m[1m[vite][22m[39m [32mpage reload [39m[2m.next/server/app/privacy.html[22m
[2m11.32.53[22m [36m[1m[vite][22m[39m [32mpage reload [39m[2m.next/server/app/dashboard.html[22m
[2m11.32.53[22m [36m[1m[vite][22m[39m [32mpage reload [39m[2m.next/server/app/inventory.html[22m
[2m11.32.53[22m [36m[1m[vite][22m[39m [32mpage reload [39m[2m.next/server/app/products.html[22m
[2m11.32.53[22m [36m[1m[vite][22m[39m [32mpage reload [39m[2m.next/server/app/orders.html[22m
[2m11.32.54[22m [36m[1m[vite][22m[39m [32mpage reload [39m[2m.next/server/pages/404.html[22m
[2m11.32.54[22m [36m[1m[vite][22m[39m [32mpage reload [39m[2m.next/server/pages/500.html[22m
[2m11.32.54[22m [36m[1m[vite][22m[39m [32mpage reload [39m[2m.next/export/500.html[22m
[2m11.32.54[22m [36m[1m[vite][22m[39m [32mpage reload [39m[2m.next/export/404.html[22m
[2m11.33.06[22m [36m[1m[vite][22m[39m [32mpage reload [39m[2m.next/server/app/dashboard.html[22m
[2m11.33.06[22m [36m[1m[vite][22m[39m [32mpage reload [39m[2m.next/server/app/index.html[22m
[2m11.33.06[22m [36m[1m[vite][22m[39m [32mpage reload [39m[2m.next/server/app/inventory.html[22m
[2m11.33.06[22m [36m[1m[vite][22m[39m [32mpage reload [39m[2m.next/server/app/login.html[22m
[2m11.33.06[22m [36m[1m[vite][22m[39m [32mpage reload [39m[2m.next/server/app/orders.html[22m
[2m11.33.06[22m [36m[1m[vite][22m[39m [32mpage reload [39m[2m.next/server/app/_not-found.html[22m
[2m11.33.06[22m [36m[1m[vite][22m[39m [32mpage reload [39m[2m.next/server/app/terms.html[22m
[2m11.33.06[22m [36m[1m[vite][22m[39m [32mpage reload [39m[2m.next/server/app/privacy.html[22m
[2m11.33.06[22m [36m[1m[vite][22m[39m [32mpage reload [39m[2m.next/server/app/products.html[22m
[2m11.33.06[22m [36m[1m[vite][22m[39m [32mpage reload [39m[2m.next/server/pages/404.html[22m
[2m11.33.06[22m [36m[1m[vite][22m[39m [32mpage reload [39m[2m.next/server/pages/500.html[22m
[2m11.33.21[22m [31m[1m[vite][22m[39m Pre-transform error: Failed to load url /src/pages/Login.jsx (resolved id: C:/Users/Asus/Documents/Programs/Dashboard Marketplace/frontend/src/pages/Login.jsx) in C:/Users/Asus/Documents/Programs/Dashboard Marketplace/frontend/src/App.jsx. Does the file exist?
[2m11.33.21[22m [31m[1m[vite][22m[39m Pre-transform error: Failed to load url /src/pages/Dashboard.jsx (resolved id: C:/Users/Asus/Documents/Programs/Dashboard Marketplace/frontend/src/pages/Dashboard.jsx) in C:/Users/Asus/Documents/Programs/Dashboard Marketplace/frontend/src/App.jsx. Does the file exist?
[2m11.33.21[22m [31m[1m[vite][22m[39m Pre-transform error: Failed to load url /src/pages/Products.jsx (resolved id: C:/Users/Asus/Documents/Programs/Dashboard Marketplace/frontend/src/pages/Products.jsx) in C:/Users/Asus/Documents/Programs/Dashboard Marketplace/frontend/src/App.jsx. Does the file exist?
[2m11.33.21[22m [31m[1m[vite][22m[39m Pre-transform error: Failed to load url /src/pages/Orders.jsx (resolved id: C:/Users/Asus/Documents/Programs/Dashboard Marketplace/frontend/src/pages/Orders.jsx) in C:/Users/Asus/Documents/Programs/Dashboard Marketplace/frontend/src/App.jsx. Does the file exist?
[2m11.33.21[22m [31m[1m[vite][22m[39m Pre-transform error: Failed to load url /src/pages/Terms.jsx (resolved id: C:/Users/Asus/Documents/Programs/Dashboard Marketplace/frontend/src/pages/Terms.jsx) in C:/Users/Asus/Documents/Programs/Dashboard Marketplace/frontend/src/App.jsx. Does the file exist?
[2m11.33.21[22m [31m[1m[vite][22m[39m Pre-transform error: Failed to load url /src/pages/Inventory.jsx (resolved id: C:/Users/Asus/Documents/Programs/Dashboard Marketplace/frontend/src/pages/Inventory.jsx) in C:/Users/Asus/Documents/Programs/Dashboard Marketplace/frontend/src/App.jsx. Does the file exist?
[2m11.33.21[22m [31m[1m[vite][22m[39m Pre-transform error: Failed to load url /src/pages/Privacy.jsx (resolved id: C:/Users/Asus/Documents/Programs/Dashboard Marketplace/frontend/src/pages/Privacy.jsx) in C:/Users/Asus/Documents/Programs/Dashboard Marketplace/frontend/src/App.jsx. Does the file exist?
[2m11.40.01[22m [36m[1m[vite][22m[39m [32mvite.config.js changed, restarting server...[39m
Re-optimizing dependencies because lockfile has changed
[2m11.40.01[22m [36m[1m[vite][22m[39m server restarted.
Error: The following dependencies are imported but could not be resolved:

  [36mreact-router-dom[39m [37m[2m(imported by C:/Users/Asus/Documents/Programs/Dashboard Marketplace/frontend/src/components/Sidebar.jsx)[22m[39m

Are they installed?
    at file:///C:/Users/Asus/Documents/Programs/Dashboard%20Marketplace/frontend/node_modules/vite/dist/node/chunks/dep-BK3b2jBa.js:50669:15
    at process.processTicksAndRejections (node:internal/process/task_queues:104:5)
    at async file:///C:/Users/Asus/Documents/Programs/Dashboard%20Marketplace/frontend/node_modules/vite/dist/node/chunks/dep-BK3b2jBa.js:50174:26
[2m11.40.14[22m [36m[1m[vite][22m[39m [32mpage reload [39m[2mindex.html[22m
[2m11.53.50[22m [36m[1m[vite][22m[39m [32mpage reload [39m[2mapi/health.js[22m
[2m12.02.43[22m [36m[1m[vite][22m[39m [32mpage reload [39m[2m.next/export/500.html[22m
[2m12.02.43[22m [36m[1m[vite][22m[39m [32mpage reload [39m[2m.next/export/500.html[22m
[2m12.02.43[22m [36m[1m[vite][22m[39m [32mpage reload [39m[2m.next/export/404.html[22m
[2m12.02.43[22m [36m[1m[vite][22m[39m [32mpage reload [39m[2m.next/server/app/index.html[22m
[2m12.02.43[22m [36m[1m[vite][22m[39m [32mpage reload [39m[2m.next/server/app/terms.html[22m
[2m12.02.43[22m [36m[1m[vite][22m[39m [32mpage reload [39m[2m.next/server/app/_not-found.html[22m
[2m12.02.43[22m [36m[1m[vite][22m[39m [32mpage reload [39m[2m.next/server/app/login.html[22m
[2m12.02.43[22m [36m[1m[vite][22m[39m [32mpage reload [39m[2m.next/server/app/privacy.html[22m
[2m12.02.43[22m [36m[1m[vite][22m[39m [32mpage reload [39m[2m.next/server/app/dashboard.html[22m
[2m12.02.43[22m [36m[1m[vite][22m[39m [32mpage reload [39m[2m.next/server/app/inventory.html[22m
[2m12.02.43[22m [36m[1m[vite][22m[39m [32mpage reload [39m[2m.next/server/app/orders.html[22m
[2m12.02.43[22m [36m[1m[vite][22m[39m [32mpage reload [39m[2m.next/server/app/products.html[22m
[2m12.02.43[22m [36m[1m[vite][22m[39m [32mpage reload [39m[2m.next/server/pages/404.html[22m
[2m12.02.43[22m [36m[1m[vite][22m[39m [32mpage reload [39m[2m.next/server/pages/500.html[22m
[2m12.02.44[22m [36m[1m[vite][22m[39m [32mpage reload [39m[2m.next/export/500.html[22m
[2m12.02.44[22m [36m[1m[vite][22m[39m [32mpage reload [39m[2m.next/export/404.html[22m
[2m12.02.47[22m [36m[1m[vite][22m[39m [32mpage reload [39m[2mout/404.html[22m
[2m12.02.48[22m [36m[1m[vite][22m[39m [32mpage reload [39m[2m.next/server/app/_not-found.html[22m
[2m12.02.48[22m [36m[1m[vite][22m[39m [32mpage reload [39m[2mout/inventory.html[22m
[2m12.02.48[22m [36m[1m[vite][22m[39m [32mpage reload [39m[2mout/dashboard.html[22m
[2m12.02.48[22m [36m[1m[vite][22m[39m [32mpage reload [39m[2mout/index.html[22m
[2m12.02.48[22m [36m[1m[vite][22m[39m [32mpage reload [39m[2mout/login.html[22m
[2m12.02.48[22m [36m[1m[vite][22m[39m [32mpage reload [39m[2mout/orders.html[22m
[2m12.02.48[22m [36m[1m[vite][22m[39m [32mpage reload [39m[2mout/privacy.html[22m
[2m12.02.48[22m [36m[1m[vite][22m[39m [32mpage reload [39m[2mout/products.html[22m
[2m12.02.48[22m [36m[1m[vite][22m[39m [32mpage reload [39m[2mout/terms.html[22m
